<?xml version="1.0" encoding="UTF-8" ?>
<testsuites disabled="0" errors="0" failures="1" tests="1" time="10.933">
 <testsuite name="POM for calculator" timestamp="2020-12-11T19:03:03" hostname="localhost" time="10.933" errors="0" tests="1" skipped="0" disabled="0" failures="1">
  <testcase classname="POM for calculator" name="encountered a declaration exception" time="10.928">
   <failure type="exception" message="TypeError: Cannot read property &apos;bind&apos; of undefined"><![CDATA[TypeError: Cannot read property 'bind' of undefined
    at ProtractorExpectedConditions.presenceOf (C:\Users\hp\AppData\Roaming\npm\node_modules\protractor\built\expectedConditions.js:341:40)
    at ProtractorExpectedConditions.textToBePresentInElement (C:\Users\hp\AppData\Roaming\npm\node_modules\protractor\built\expectedConditions.js:212:30)
    at HomePage.Calculation (C:\Users\hp\TypeScript\PageObjectModel_1\pages\HomePage.js:27:25)
    at Suite.<anonymous> (C:\Users\hp\TypeScript\PageObjectModel_1\tests\calculator_test.js:18:10)
    at addSpecsToSuite (C:\Users\hp\AppData\Roaming\npm\node_modules\protractor\node_modules\jasmine-core\lib\jasmine-core\jasmine.js:1107:25)
    at Env.describe (C:\Users\hp\AppData\Roaming\npm\node_modules\protractor\node_modules\jasmine-core\lib\jasmine-core\jasmine.js:1074:7)
    at describe (C:\Users\hp\AppData\Roaming\npm\node_modules\protractor\node_modules\jasmine-core\lib\jasmine-core\jasmine.js:4399:18)
    at Object.<anonymous> (C:\Users\hp\TypeScript\PageObjectModel_1\tests\calculator_test.js:5:1)
    at Module._compile (internal/modules/cjs/loader.js:1063:30)
    at Object.Module._extensions..js (internal/modules/cjs/loader.js:1092:10)]]>
   </failure>
  </testcase>
 </testsuite>
</testsuites>